
=== Start aplikace: 2026-02-24T09:18:15 ===
Python executable: C:\Python313\python.exe
CWD: c:\Users\Vokac\Kirchhoff_plate
argv: ['kirchhoff_plate_gui.py']

=== Start aplikace: 2026-02-24T09:18:31 ===
Python executable: C:\Python313\python.exe
CWD: c:\Users\Vokac\Kirchhoff_plate
argv: ['C:\\Users\\Vokac\\Kirchhoff_plate\\kirchhoff_plate_gui.py', '--run-solver']

Transforming over 1000 vertices to C_CONTIGUOUS.
Transforming over 1000 elements to C_CONTIGUOUS.
Uloženo zadání: c:\Users\Vokac\Kirchhoff_plate\Example_01\kirchhoff_input.json
Uloženy obrázky: c:\Users\Vokac\Kirchhoff_plate\Example_01\kirchhoff_plots
Uložen report: c:\Users\Vokac\Kirchhoff_plate\Example_01\kirchhoff_report.pdf

=== Start aplikace: 2026-02-24T09:19:02 ===
Python executable: C:\Python313\python.exe
CWD: c:\Users\Vokac\Kirchhoff_plate
argv: ['C:\\Users\\Vokac\\Kirchhoff_plate\\kirchhoff_plate_gui.py', '--run-solver']

Transforming over 1000 vertices to C_CONTIGUOUS.
Transforming over 1000 elements to C_CONTIGUOUS.
Uloženo zadání: c:\Users\Vokac\Kirchhoff_plate\Example_01\kirchhoff_input.json
Uloženy obrázky: c:\Users\Vokac\Kirchhoff_plate\Example_01\kirchhoff_plots
Uložen report: c:\Users\Vokac\Kirchhoff_plate\Example_01\kirchhoff_report.pdf

=== Start aplikace: 2026-02-24T09:20:21 ===
Python executable: C:\Python313\python.exe
CWD: c:\Users\Vokac\Kirchhoff_plate
argv: ['C:\\Users\\Vokac\\Kirchhoff_plate\\kirchhoff_plate_gui.py', '--run-solver']

Transforming over 1000 vertices to C_CONTIGUOUS.
Transforming over 1000 elements to C_CONTIGUOUS.
Uloženo zadání: c:\Users\Vokac\Kirchhoff_plate\Example_02\kirchhoff_input.json
Uloženy obrázky: c:\Users\Vokac\Kirchhoff_plate\Example_02\kirchhoff_plots
Uložen report: c:\Users\Vokac\Kirchhoff_plate\Example_02\kirchhoff_report.pdf

=== Start aplikace: 2026-02-24T09:21:13 ===
Python executable: C:\Python313\python.exe
CWD: c:\Users\Vokac\Kirchhoff_plate
argv: ['C:\\Users\\Vokac\\Kirchhoff_plate\\kirchhoff_plate_gui.py', '--run-solver']

Transforming over 1000 vertices to C_CONTIGUOUS.
Transforming over 1000 elements to C_CONTIGUOUS.
Uloženo zadání: c:\Users\Vokac\Kirchhoff_plate\Example_03\kirchhoff_input.json
Uloženy obrázky: c:\Users\Vokac\Kirchhoff_plate\Example_03\kirchhoff_plots
Uložen report: c:\Users\Vokac\Kirchhoff_plate\Example_03\kirchhoff_report.pdf

=== Start aplikace: 2026-02-24T09:22:18 ===
Python executable: C:\Python313\python.exe
CWD: c:\Users\Vokac\Kirchhoff_plate
argv: ['C:\\Users\\Vokac\\Kirchhoff_plate\\kirchhoff_plate_gui.py', '--run-solver']

Transforming over 1000 vertices to C_CONTIGUOUS.
Transforming over 1000 elements to C_CONTIGUOUS.
Uloženo zadání: c:\Users\Vokac\Kirchhoff_plate\Example_04\kirchhoff_input.json
Uloženy obrázky: c:\Users\Vokac\Kirchhoff_plate\Example_04\kirchhoff_plots
Uložen report: c:\Users\Vokac\Kirchhoff_plate\Example_04\kirchhoff_report.pdf

=== Start aplikace: 2026-02-24T09:23:09 ===
Python executable: C:\Python313\python.exe
CWD: c:\Users\Vokac\Kirchhoff_plate
argv: ['C:\\Users\\Vokac\\Kirchhoff_plate\\kirchhoff_plate_gui.py', '--run-solver']

Transforming over 1000 vertices to C_CONTIGUOUS.
Transforming over 1000 elements to C_CONTIGUOUS.
Uloženo zadání: c:\Users\Vokac\Kirchhoff_plate\Example_05\kirchhoff_input.json
Uloženy obrázky: c:\Users\Vokac\Kirchhoff_plate\Example_05\kirchhoff_plots
Uložen report: c:\Users\Vokac\Kirchhoff_plate\Example_05\kirchhoff_report.pdf

=== Start aplikace: 2026-02-24T09:23:48 ===
Python executable: C:\Python313\python.exe
CWD: c:\Users\Vokac\Kirchhoff_plate
argv: ['C:\\Users\\Vokac\\Kirchhoff_plate\\kirchhoff_plate_gui.py', '--run-solver']

Transforming over 1000 vertices to C_CONTIGUOUS.
Transforming over 1000 elements to C_CONTIGUOUS.
Uloženo zadání: c:\Users\Vokac\Kirchhoff_plate\Example_06\kirchhoff_input.json
Uloženy obrázky: c:\Users\Vokac\Kirchhoff_plate\Example_06\kirchhoff_plots
Uložen report: c:\Users\Vokac\Kirchhoff_plate\Example_06\kirchhoff_report.pdf

=== Start aplikace: 2026-02-24T09:24:23 ===
Python executable: C:\Python313\python.exe
CWD: c:\Users\Vokac\Kirchhoff_plate
argv: ['C:\\Users\\Vokac\\Kirchhoff_plate\\kirchhoff_plate_gui.py', '--run-solver']

Transforming over 1000 vertices to C_CONTIGUOUS.
Transforming over 1000 elements to C_CONTIGUOUS.
Uloženo zadání: c:\Users\Vokac\Kirchhoff_plate\Example_07\kirchhoff_input.json
Uloženy obrázky: c:\Users\Vokac\Kirchhoff_plate\Example_07\kirchhoff_plots
Uložen report: c:\Users\Vokac\Kirchhoff_plate\Example_07\kirchhoff_report.pdf
